[2020-06-20 18:16:13.140] [exthost] [info] extension host started
[2020-06-20 18:16:13.350] [exthost] [info] ExtensionService#_doActivateExtension vscode.python {"startup":false,"extensionId":{"value":"vscode.python","_lower":"vscode.python"},"activationEvent":"onLanguage:python"}
[2020-06-20 18:16:13.350] [exthost] [info] ExtensionService#loadCommonJSModule file:///var/lib/snapd/snap/code/33/usr/share/code/resources/app/extensions/python/dist/pythonMain
[2020-06-20 18:16:13.352] [exthost] [info] ExtensionService#_doActivateExtension ms-python.python {"startup":false,"extensionId":{"value":"ms-python.python","_lower":"ms-python.python"},"activationEvent":"onLanguage:python"}
[2020-06-20 18:16:13.352] [exthost] [info] ExtensionService#loadCommonJSModule file:///home/dasilvaca/.vscode/extensions/ms-python.python-2020.6.89148/out/client/extension
[2020-06-20 18:16:13.440] [exthost] [info] ExtensionService#_doActivateExtension vscode.debug-auto-launch {"startup":true,"extensionId":{"value":"vscode.debug-auto-launch","_lower":"vscode.debug-auto-launch"},"activationEvent":"*"}
[2020-06-20 18:16:13.440] [exthost] [info] ExtensionService#loadCommonJSModule file:///var/lib/snapd/snap/code/33/usr/share/code/resources/app/extensions/debug-auto-launch/dist/extension
[2020-06-20 18:16:13.443] [exthost] [info] ExtensionService#_doActivateExtension vscode.emmet {"startup":true,"extensionId":{"value":"vscode.emmet","_lower":"vscode.emmet"},"activationEvent":"*"}
[2020-06-20 18:16:13.443] [exthost] [info] ExtensionService#loadCommonJSModule file:///var/lib/snapd/snap/code/33/usr/share/code/resources/app/extensions/emmet/dist/extension
[2020-06-20 18:16:13.458] [exthost] [info] ExtensionService#_doActivateExtension vscode.git {"startup":true,"extensionId":{"value":"vscode.git","_lower":"vscode.git"},"activationEvent":"*"}
[2020-06-20 18:16:13.458] [exthost] [info] ExtensionService#loadCommonJSModule file:///var/lib/snapd/snap/code/33/usr/share/code/resources/app/extensions/git/dist/main
[2020-06-20 18:16:13.491] [exthost] [info] ExtensionService#_doActivateExtension vscode.github-authentication {"startup":true,"extensionId":{"value":"vscode.github-authentication","_lower":"vscode.github-authentication"},"activationEvent":"*"}
[2020-06-20 18:16:13.491] [exthost] [info] ExtensionService#loadCommonJSModule file:///var/lib/snapd/snap/code/33/usr/share/code/resources/app/extensions/github-authentication/dist/extension.js
[2020-06-20 18:16:13.497] [exthost] [info] ExtensionService#_doActivateExtension vscode.merge-conflict {"startup":true,"extensionId":{"value":"vscode.merge-conflict","_lower":"vscode.merge-conflict"},"activationEvent":"*"}
[2020-06-20 18:16:13.497] [exthost] [info] ExtensionService#loadCommonJSModule file:///var/lib/snapd/snap/code/33/usr/share/code/resources/app/extensions/merge-conflict/dist/extension
[2020-06-20 18:16:13.499] [exthost] [info] ExtensionService#_doActivateExtension vscode.search-result {"startup":true,"extensionId":{"value":"vscode.search-result","_lower":"vscode.search-result"},"activationEvent":"*"}
[2020-06-20 18:16:13.499] [exthost] [info] ExtensionService#loadCommonJSModule file:///var/lib/snapd/snap/code/33/usr/share/code/resources/app/extensions/search-result/dist/extension.js
[2020-06-20 18:16:13.501] [exthost] [info] ExtensionService#_doActivateExtension vscode.vscode-account {"startup":true,"extensionId":{"value":"vscode.vscode-account","_lower":"vscode.vscode-account"},"activationEvent":"*"}
[2020-06-20 18:16:13.501] [exthost] [info] ExtensionService#loadCommonJSModule file:///var/lib/snapd/snap/code/33/usr/share/code/resources/app/extensions/vscode-account/dist/extension.js
[2020-06-20 18:16:13.813] [exthost] [info] eager extensions activated
[2020-06-20 18:35:53.832] [exthost] [info] ExtensionService#_doActivateExtension vscode.html-language-features {"startup":false,"extensionId":{"value":"vscode.html-language-features","_lower":"vscode.html-language-features"},"activationEvent":"onLanguage:html"}
[2020-06-20 18:35:53.833] [exthost] [info] ExtensionService#loadCommonJSModule file:///var/lib/snapd/snap/code/33/usr/share/code/resources/app/extensions/html-language-features/client/dist/htmlMain
[2020-06-20 19:57:49.690] [exthost] [info] ExtensionService#_doActivateExtension ms-vscode.cpptools {"startup":false,"extensionId":{"value":"ms-vscode.cpptools","_lower":"ms-vscode.cpptools"},"activationEvent":"onLanguage:c"}
[2020-06-20 19:57:49.690] [exthost] [info] ExtensionService#loadCommonJSModule file:///home/dasilvaca/.vscode/extensions/ms-vscode.cpptools-0.28.3/dist/main
[2020-06-20 19:58:37.449] [exthost] [warning] ms-vscode.cpptools - Code actions of kind 'quickfix 'requested but returned code action does not have a 'kind'. Code action will be dropped. Please set 'CodeAction.kind'.
[2020-06-20 20:00:24.689] [exthost] [warning] ms-vscode.cpptools - Code actions of kind 'quickfix 'requested but returned code action does not have a 'kind'. Code action will be dropped. Please set 'CodeAction.kind'.
[2020-06-20 20:00:27.081] [exthost] [warning] ms-vscode.cpptools - Code actions of kind 'quickfix 'requested but returned code action does not have a 'kind'. Code action will be dropped. Please set 'CodeAction.kind'.
[2020-06-20 20:16:28.350] [exthost] [info] ExtensionService#_doActivateExtension vscode.configuration-editing {"startup":false,"extensionId":{"value":"vscode.configuration-editing","_lower":"vscode.configuration-editing"},"activationEvent":"onLanguage:jsonc"}
[2020-06-20 20:16:28.350] [exthost] [info] ExtensionService#loadCommonJSModule file:///var/lib/snapd/snap/code/33/usr/share/code/resources/app/extensions/configuration-editing/dist/extension
[2020-06-20 20:16:28.356] [exthost] [info] ExtensionService#_doActivateExtension vscode.json-language-features {"startup":false,"extensionId":{"value":"vscode.json-language-features","_lower":"vscode.json-language-features"},"activationEvent":"onLanguage:jsonc"}
[2020-06-20 20:16:28.356] [exthost] [info] ExtensionService#loadCommonJSModule file:///var/lib/snapd/snap/code/33/usr/share/code/resources/app/extensions/json-language-features/client/dist/jsonMain
[2020-06-20 20:16:28.370] [exthost] [info] ExtensionService#_doActivateExtension vscode.typescript-language-features {"startup":false,"extensionId":{"value":"vscode.typescript-language-features","_lower":"vscode.typescript-language-features"},"activationEvent":"onLanguage:jsonc"}
[2020-06-20 20:16:28.370] [exthost] [info] ExtensionService#loadCommonJSModule file:///var/lib/snapd/snap/code/33/usr/share/code/resources/app/extensions/typescript-language-features/dist/extension
