[2020-06-13 12:30:27.637] [exthost] [info] extension host started
[2020-06-13 12:30:28.046] [exthost] [info] ExtensionService#_doActivateExtension vscode.python {"startup":false,"extensionId":{"value":"vscode.python","_lower":"vscode.python"},"activationEvent":"onLanguage:python"}
[2020-06-13 12:30:28.047] [exthost] [info] ExtensionService#loadCommonJSModule file:///var/lib/snapd/snap/code/33/usr/share/code/resources/app/extensions/python/dist/pythonMain
[2020-06-13 12:30:28.049] [exthost] [info] ExtensionService#_doActivateExtension ms-python.python {"startup":false,"extensionId":{"value":"ms-python.python","_lower":"ms-python.python"},"activationEvent":"onLanguage:python"}
[2020-06-13 12:30:28.050] [exthost] [info] ExtensionService#loadCommonJSModule file:///home/dasilvaca/.vscode/extensions/ms-python.python-2020.5.86806/out/client/extension
[2020-06-13 12:30:28.181] [exthost] [info] ExtensionService#_doActivateExtension vscode.debug-auto-launch {"startup":true,"extensionId":{"value":"vscode.debug-auto-launch","_lower":"vscode.debug-auto-launch"},"activationEvent":"*"}
[2020-06-13 12:30:28.181] [exthost] [info] ExtensionService#loadCommonJSModule file:///var/lib/snapd/snap/code/33/usr/share/code/resources/app/extensions/debug-auto-launch/dist/extension
[2020-06-13 12:30:28.184] [exthost] [info] ExtensionService#_doActivateExtension vscode.emmet {"startup":true,"extensionId":{"value":"vscode.emmet","_lower":"vscode.emmet"},"activationEvent":"*"}
[2020-06-13 12:30:28.184] [exthost] [info] ExtensionService#loadCommonJSModule file:///var/lib/snapd/snap/code/33/usr/share/code/resources/app/extensions/emmet/dist/extension
[2020-06-13 12:30:28.197] [exthost] [info] ExtensionService#_doActivateExtension vscode.git {"startup":true,"extensionId":{"value":"vscode.git","_lower":"vscode.git"},"activationEvent":"*"}
[2020-06-13 12:30:28.197] [exthost] [info] ExtensionService#loadCommonJSModule file:///var/lib/snapd/snap/code/33/usr/share/code/resources/app/extensions/git/dist/main
[2020-06-13 12:30:28.215] [exthost] [info] ExtensionService#_doActivateExtension vscode.github-authentication {"startup":true,"extensionId":{"value":"vscode.github-authentication","_lower":"vscode.github-authentication"},"activationEvent":"*"}
[2020-06-13 12:30:28.215] [exthost] [info] ExtensionService#loadCommonJSModule file:///var/lib/snapd/snap/code/33/usr/share/code/resources/app/extensions/github-authentication/dist/extension.js
[2020-06-13 12:30:28.220] [exthost] [info] ExtensionService#_doActivateExtension vscode.merge-conflict {"startup":true,"extensionId":{"value":"vscode.merge-conflict","_lower":"vscode.merge-conflict"},"activationEvent":"*"}
[2020-06-13 12:30:28.221] [exthost] [info] ExtensionService#loadCommonJSModule file:///var/lib/snapd/snap/code/33/usr/share/code/resources/app/extensions/merge-conflict/dist/extension
[2020-06-13 12:30:28.223] [exthost] [info] ExtensionService#_doActivateExtension vscode.search-result {"startup":true,"extensionId":{"value":"vscode.search-result","_lower":"vscode.search-result"},"activationEvent":"*"}
[2020-06-13 12:30:28.223] [exthost] [info] ExtensionService#loadCommonJSModule file:///var/lib/snapd/snap/code/33/usr/share/code/resources/app/extensions/search-result/dist/extension.js
[2020-06-13 12:30:28.223] [exthost] [info] ExtensionService#_doActivateExtension vscode.vscode-account {"startup":true,"extensionId":{"value":"vscode.vscode-account","_lower":"vscode.vscode-account"},"activationEvent":"*"}
[2020-06-13 12:30:28.224] [exthost] [info] ExtensionService#loadCommonJSModule file:///var/lib/snapd/snap/code/33/usr/share/code/resources/app/extensions/vscode-account/dist/extension.js
[2020-06-13 12:30:28.655] [exthost] [info] eager extensions activated
[2020-06-13 13:23:05.350] [exthost] [info] ExtensionService#_doActivateExtension vscode.configuration-editing {"startup":false,"extensionId":{"value":"vscode.configuration-editing","_lower":"vscode.configuration-editing"},"activationEvent":"onLanguage:jsonc"}
[2020-06-13 13:23:05.351] [exthost] [info] ExtensionService#loadCommonJSModule file:///var/lib/snapd/snap/code/33/usr/share/code/resources/app/extensions/configuration-editing/dist/extension
[2020-06-13 13:23:05.364] [exthost] [info] ExtensionService#_doActivateExtension vscode.json-language-features {"startup":false,"extensionId":{"value":"vscode.json-language-features","_lower":"vscode.json-language-features"},"activationEvent":"onLanguage:jsonc"}
[2020-06-13 13:23:05.364] [exthost] [info] ExtensionService#loadCommonJSModule file:///var/lib/snapd/snap/code/33/usr/share/code/resources/app/extensions/json-language-features/client/dist/jsonMain
[2020-06-13 13:23:05.399] [exthost] [info] ExtensionService#_doActivateExtension vscode.typescript-language-features {"startup":false,"extensionId":{"value":"vscode.typescript-language-features","_lower":"vscode.typescript-language-features"},"activationEvent":"onLanguage:jsonc"}
[2020-06-13 13:23:05.399] [exthost] [info] ExtensionService#loadCommonJSModule file:///var/lib/snapd/snap/code/33/usr/share/code/resources/app/extensions/typescript-language-features/dist/extension
[2020-06-13 14:53:15.380] [exthost] [info] ExtensionService#_doActivateExtension vscode.html-language-features {"startup":false,"extensionId":{"value":"vscode.html-language-features","_lower":"vscode.html-language-features"},"activationEvent":"onLanguage:html"}
[2020-06-13 14:53:15.380] [exthost] [info] ExtensionService#loadCommonJSModule file:///var/lib/snapd/snap/code/33/usr/share/code/resources/app/extensions/html-language-features/client/dist/htmlMain
