[2020-06-19 12:56:23.762] [exthost] [info] extension host started
[2020-06-19 12:56:24.191] [exthost] [info] ExtensionService#_doActivateExtension vscode.python {"startup":false,"extensionId":{"value":"vscode.python","_lower":"vscode.python"},"activationEvent":"onLanguage:python"}
[2020-06-19 12:56:24.192] [exthost] [info] ExtensionService#loadCommonJSModule file:///var/lib/snapd/snap/code/33/usr/share/code/resources/app/extensions/python/dist/pythonMain
[2020-06-19 12:56:24.197] [exthost] [info] ExtensionService#_doActivateExtension ms-python.python {"startup":false,"extensionId":{"value":"ms-python.python","_lower":"ms-python.python"},"activationEvent":"onLanguage:python"}
[2020-06-19 12:56:24.197] [exthost] [info] ExtensionService#loadCommonJSModule file:///home/dasilvaca/.vscode/extensions/ms-python.python-2020.5.86806/out/client/extension
[2020-06-19 12:56:24.357] [exthost] [info] ExtensionService#_doActivateExtension vscode.debug-auto-launch {"startup":true,"extensionId":{"value":"vscode.debug-auto-launch","_lower":"vscode.debug-auto-launch"},"activationEvent":"*"}
[2020-06-19 12:56:24.357] [exthost] [info] ExtensionService#loadCommonJSModule file:///var/lib/snapd/snap/code/33/usr/share/code/resources/app/extensions/debug-auto-launch/dist/extension
[2020-06-19 12:56:24.361] [exthost] [info] ExtensionService#_doActivateExtension vscode.emmet {"startup":true,"extensionId":{"value":"vscode.emmet","_lower":"vscode.emmet"},"activationEvent":"*"}
[2020-06-19 12:56:24.361] [exthost] [info] ExtensionService#loadCommonJSModule file:///var/lib/snapd/snap/code/33/usr/share/code/resources/app/extensions/emmet/dist/extension
[2020-06-19 12:56:24.391] [exthost] [info] ExtensionService#_doActivateExtension vscode.git {"startup":true,"extensionId":{"value":"vscode.git","_lower":"vscode.git"},"activationEvent":"*"}
[2020-06-19 12:56:24.391] [exthost] [info] ExtensionService#loadCommonJSModule file:///var/lib/snapd/snap/code/33/usr/share/code/resources/app/extensions/git/dist/main
[2020-06-19 12:56:24.454] [exthost] [info] ExtensionService#_doActivateExtension vscode.github-authentication {"startup":true,"extensionId":{"value":"vscode.github-authentication","_lower":"vscode.github-authentication"},"activationEvent":"*"}
[2020-06-19 12:56:24.454] [exthost] [info] ExtensionService#loadCommonJSModule file:///var/lib/snapd/snap/code/33/usr/share/code/resources/app/extensions/github-authentication/dist/extension.js
[2020-06-19 12:56:24.468] [exthost] [info] ExtensionService#_doActivateExtension vscode.merge-conflict {"startup":true,"extensionId":{"value":"vscode.merge-conflict","_lower":"vscode.merge-conflict"},"activationEvent":"*"}
[2020-06-19 12:56:24.469] [exthost] [info] ExtensionService#loadCommonJSModule file:///var/lib/snapd/snap/code/33/usr/share/code/resources/app/extensions/merge-conflict/dist/extension
[2020-06-19 12:56:24.474] [exthost] [info] ExtensionService#_doActivateExtension vscode.search-result {"startup":true,"extensionId":{"value":"vscode.search-result","_lower":"vscode.search-result"},"activationEvent":"*"}
[2020-06-19 12:56:24.474] [exthost] [info] ExtensionService#loadCommonJSModule file:///var/lib/snapd/snap/code/33/usr/share/code/resources/app/extensions/search-result/dist/extension.js
[2020-06-19 12:56:24.479] [exthost] [info] ExtensionService#_doActivateExtension vscode.vscode-account {"startup":true,"extensionId":{"value":"vscode.vscode-account","_lower":"vscode.vscode-account"},"activationEvent":"*"}
[2020-06-19 12:56:24.479] [exthost] [info] ExtensionService#loadCommonJSModule file:///var/lib/snapd/snap/code/33/usr/share/code/resources/app/extensions/vscode-account/dist/extension.js
[2020-06-19 12:56:25.199] [exthost] [info] eager extensions activated
[2020-06-19 12:56:30.470] [exthost] [info] ExtensionService#_doActivateExtension ms-vscode.cpptools {"startup":false,"extensionId":{"value":"ms-vscode.cpptools","_lower":"ms-vscode.cpptools"},"activationEvent":"onLanguage:c"}
[2020-06-19 12:56:30.470] [exthost] [info] ExtensionService#loadCommonJSModule file:///home/dasilvaca/.vscode/extensions/ms-vscode.cpptools-0.28.3/dist/main
[2020-06-19 12:58:42.258] [exthost] [warning] ms-vscode.cpptools - Code actions of kind 'quickfix 'requested but returned code action does not have a 'kind'. Code action will be dropped. Please set 'CodeAction.kind'.
[2020-06-19 12:58:49.483] [exthost] [warning] ms-vscode.cpptools - Code actions of kind 'quickfix 'requested but returned code action does not have a 'kind'. Code action will be dropped. Please set 'CodeAction.kind'.
[2020-06-19 12:59:34.805] [exthost] [info] ExtensionService#_doActivateExtension ms-vscode.node-debug2 {"startup":false,"extensionId":{"value":"ms-vscode.node-debug","_lower":"ms-vscode.node-debug"},"activationEvent":"onDebugInitialConfigurations"}
[2020-06-19 12:59:34.805] [exthost] [info] ExtensionService#loadCommonJSModule file:///var/lib/snapd/snap/code/33/usr/share/code/resources/app/extensions/ms-vscode.node-debug2/out/src/extension
[2020-06-19 12:59:34.819] [exthost] [info] ExtensionService#_doActivateExtension ms-vscode.node-debug {"startup":false,"extensionId":{"value":"ms-vscode.node-debug","_lower":"ms-vscode.node-debug"},"activationEvent":"onDebugInitialConfigurations"}
[2020-06-19 12:59:34.820] [exthost] [info] ExtensionService#loadCommonJSModule file:///var/lib/snapd/snap/code/33/usr/share/code/resources/app/extensions/ms-vscode.node-debug/dist/extension.js
[2020-06-19 12:59:37.392] [exthost] [info] ExtensionService#_doActivateExtension vscode.debug-server-ready {"startup":false,"extensionId":{"value":"vscode.debug-server-ready","_lower":"vscode.debug-server-ready"},"activationEvent":"onDebugResolve"}
[2020-06-19 12:59:37.393] [exthost] [info] ExtensionService#loadCommonJSModule file:///var/lib/snapd/snap/code/33/usr/share/code/resources/app/extensions/debug-server-ready/dist/extension
[2020-06-19 12:59:39.460] [exthost] [info] ExtensionService#_doActivateExtension vscode.configuration-editing {"startup":false,"extensionId":{"value":"vscode.configuration-editing","_lower":"vscode.configuration-editing"},"activationEvent":"onLanguage:jsonc"}
[2020-06-19 12:59:39.460] [exthost] [info] ExtensionService#loadCommonJSModule file:///var/lib/snapd/snap/code/33/usr/share/code/resources/app/extensions/configuration-editing/dist/extension
[2020-06-19 12:59:39.467] [exthost] [info] ExtensionService#_doActivateExtension vscode.json-language-features {"startup":false,"extensionId":{"value":"vscode.json-language-features","_lower":"vscode.json-language-features"},"activationEvent":"onLanguage:jsonc"}
[2020-06-19 12:59:39.467] [exthost] [info] ExtensionService#loadCommonJSModule file:///var/lib/snapd/snap/code/33/usr/share/code/resources/app/extensions/json-language-features/client/dist/jsonMain
[2020-06-19 12:59:39.510] [exthost] [info] ExtensionService#_doActivateExtension vscode.typescript-language-features {"startup":false,"extensionId":{"value":"vscode.typescript-language-features","_lower":"vscode.typescript-language-features"},"activationEvent":"onLanguage:jsonc"}
[2020-06-19 12:59:39.510] [exthost] [info] ExtensionService#loadCommonJSModule file:///var/lib/snapd/snap/code/33/usr/share/code/resources/app/extensions/typescript-language-features/dist/extension
[2020-06-19 12:59:47.050] [exthost] [info] ExtensionService#_doActivateExtension vscode.grunt {"startup":false,"extensionId":{"value":"vscode.grunt","_lower":"vscode.grunt"},"activationEvent":"onCommand:workbench.action.tasks.runTask"}
[2020-06-19 12:59:47.050] [exthost] [info] ExtensionService#loadCommonJSModule file:///var/lib/snapd/snap/code/33/usr/share/code/resources/app/extensions/grunt/dist/main
[2020-06-19 12:59:47.061] [exthost] [info] ExtensionService#_doActivateExtension vscode.gulp {"startup":false,"extensionId":{"value":"vscode.gulp","_lower":"vscode.gulp"},"activationEvent":"onCommand:workbench.action.tasks.runTask"}
[2020-06-19 12:59:47.062] [exthost] [info] ExtensionService#loadCommonJSModule file:///var/lib/snapd/snap/code/33/usr/share/code/resources/app/extensions/gulp/dist/main
[2020-06-19 12:59:47.066] [exthost] [info] ExtensionService#_doActivateExtension vscode.jake {"startup":false,"extensionId":{"value":"vscode.jake","_lower":"vscode.jake"},"activationEvent":"onCommand:workbench.action.tasks.runTask"}
[2020-06-19 12:59:47.066] [exthost] [info] ExtensionService#loadCommonJSModule file:///var/lib/snapd/snap/code/33/usr/share/code/resources/app/extensions/jake/dist/main
[2020-06-19 12:59:47.068] [exthost] [info] ExtensionService#_doActivateExtension vscode.npm {"startup":false,"extensionId":{"value":"vscode.npm","_lower":"vscode.npm"},"activationEvent":"onCommand:workbench.action.tasks.runTask"}
[2020-06-19 12:59:47.068] [exthost] [info] ExtensionService#loadCommonJSModule file:///var/lib/snapd/snap/code/33/usr/share/code/resources/app/extensions/npm/dist/main
