[2020-06-20 09:39:26.937] [exthost] [info] extension host started
[2020-06-20 09:39:27.021] [exthost] [info] ExtensionService#_doActivateExtension ms-vscode.cpptools {"startup":false,"extensionId":{"value":"ms-vscode.cpptools","_lower":"ms-vscode.cpptools"},"activationEvent":"onLanguage:c"}
[2020-06-20 09:39:27.021] [exthost] [info] ExtensionService#loadCommonJSModule file:///home/dasilvaca/.vscode/extensions/ms-vscode.cpptools-0.28.3/dist/main
[2020-06-20 09:39:27.136] [exthost] [info] ExtensionService#_doActivateExtension vscode.debug-auto-launch {"startup":true,"extensionId":{"value":"vscode.debug-auto-launch","_lower":"vscode.debug-auto-launch"},"activationEvent":"*"}
[2020-06-20 09:39:27.136] [exthost] [info] ExtensionService#loadCommonJSModule file:///var/lib/snapd/snap/code/33/usr/share/code/resources/app/extensions/debug-auto-launch/dist/extension
[2020-06-20 09:39:27.142] [exthost] [info] ExtensionService#_doActivateExtension vscode.emmet {"startup":true,"extensionId":{"value":"vscode.emmet","_lower":"vscode.emmet"},"activationEvent":"*"}
[2020-06-20 09:39:27.143] [exthost] [info] ExtensionService#loadCommonJSModule file:///var/lib/snapd/snap/code/33/usr/share/code/resources/app/extensions/emmet/dist/extension
[2020-06-20 09:39:27.179] [exthost] [info] ExtensionService#_doActivateExtension vscode.git {"startup":true,"extensionId":{"value":"vscode.git","_lower":"vscode.git"},"activationEvent":"*"}
[2020-06-20 09:39:27.179] [exthost] [info] ExtensionService#loadCommonJSModule file:///var/lib/snapd/snap/code/33/usr/share/code/resources/app/extensions/git/dist/main
[2020-06-20 09:39:27.251] [exthost] [info] ExtensionService#_doActivateExtension vscode.github-authentication {"startup":true,"extensionId":{"value":"vscode.github-authentication","_lower":"vscode.github-authentication"},"activationEvent":"*"}
[2020-06-20 09:39:27.252] [exthost] [info] ExtensionService#loadCommonJSModule file:///var/lib/snapd/snap/code/33/usr/share/code/resources/app/extensions/github-authentication/dist/extension.js
[2020-06-20 09:39:27.264] [exthost] [info] ExtensionService#_doActivateExtension vscode.merge-conflict {"startup":true,"extensionId":{"value":"vscode.merge-conflict","_lower":"vscode.merge-conflict"},"activationEvent":"*"}
[2020-06-20 09:39:27.264] [exthost] [info] ExtensionService#loadCommonJSModule file:///var/lib/snapd/snap/code/33/usr/share/code/resources/app/extensions/merge-conflict/dist/extension
[2020-06-20 09:39:27.268] [exthost] [info] ExtensionService#_doActivateExtension vscode.search-result {"startup":true,"extensionId":{"value":"vscode.search-result","_lower":"vscode.search-result"},"activationEvent":"*"}
[2020-06-20 09:39:27.269] [exthost] [info] ExtensionService#loadCommonJSModule file:///var/lib/snapd/snap/code/33/usr/share/code/resources/app/extensions/search-result/dist/extension.js
[2020-06-20 09:39:27.272] [exthost] [info] ExtensionService#_doActivateExtension vscode.vscode-account {"startup":true,"extensionId":{"value":"vscode.vscode-account","_lower":"vscode.vscode-account"},"activationEvent":"*"}
[2020-06-20 09:39:27.273] [exthost] [info] ExtensionService#loadCommonJSModule file:///var/lib/snapd/snap/code/33/usr/share/code/resources/app/extensions/vscode-account/dist/extension.js
[2020-06-20 09:39:27.926] [exthost] [info] eager extensions activated
[2020-06-20 09:39:30.029] [exthost] [info] ExtensionService#_doActivateExtension vscode.python {"startup":false,"extensionId":{"value":"vscode.python","_lower":"vscode.python"},"activationEvent":"onLanguage:python"}
[2020-06-20 09:39:30.029] [exthost] [info] ExtensionService#loadCommonJSModule file:///var/lib/snapd/snap/code/33/usr/share/code/resources/app/extensions/python/dist/pythonMain
[2020-06-20 09:39:30.031] [exthost] [info] ExtensionService#_doActivateExtension ms-python.python {"startup":false,"extensionId":{"value":"ms-python.python","_lower":"ms-python.python"},"activationEvent":"onLanguage:python"}
[2020-06-20 09:39:30.031] [exthost] [info] ExtensionService#loadCommonJSModule file:///home/dasilvaca/.vscode/extensions/ms-python.python-2020.6.89148/out/client/extension
[2020-06-20 11:12:32.410] [exthost] [info] ExtensionService#_doActivateExtension vscode.html-language-features {"startup":false,"extensionId":{"value":"vscode.html-language-features","_lower":"vscode.html-language-features"},"activationEvent":"onLanguage:html"}
[2020-06-20 11:12:32.411] [exthost] [info] ExtensionService#loadCommonJSModule file:///var/lib/snapd/snap/code/33/usr/share/code/resources/app/extensions/html-language-features/client/dist/htmlMain
