[2020-06-09 12:08:23.122] [exthost] [info] extension host started
[2020-06-09 12:08:23.136] [exthost] [info] ExtensionService#_doActivateExtension vscode.debug-auto-launch {"startup":true,"extensionId":{"value":"vscode.debug-auto-launch","_lower":"vscode.debug-auto-launch"},"activationEvent":"*"}
[2020-06-09 12:08:23.136] [exthost] [info] ExtensionService#loadCommonJSModule file:///var/lib/snapd/snap/code/33/usr/share/code/resources/app/extensions/debug-auto-launch/dist/extension
[2020-06-09 12:08:23.138] [exthost] [info] ExtensionService#_doActivateExtension vscode.emmet {"startup":true,"extensionId":{"value":"vscode.emmet","_lower":"vscode.emmet"},"activationEvent":"*"}
[2020-06-09 12:08:23.138] [exthost] [info] ExtensionService#loadCommonJSModule file:///var/lib/snapd/snap/code/33/usr/share/code/resources/app/extensions/emmet/dist/extension
[2020-06-09 12:08:23.145] [exthost] [info] ExtensionService#_doActivateExtension vscode.git {"startup":true,"extensionId":{"value":"vscode.git","_lower":"vscode.git"},"activationEvent":"*"}
[2020-06-09 12:08:23.145] [exthost] [info] ExtensionService#loadCommonJSModule file:///var/lib/snapd/snap/code/33/usr/share/code/resources/app/extensions/git/dist/main
[2020-06-09 12:08:23.157] [exthost] [info] ExtensionService#_doActivateExtension vscode.github-authentication {"startup":true,"extensionId":{"value":"vscode.github-authentication","_lower":"vscode.github-authentication"},"activationEvent":"*"}
[2020-06-09 12:08:23.157] [exthost] [info] ExtensionService#loadCommonJSModule file:///var/lib/snapd/snap/code/33/usr/share/code/resources/app/extensions/github-authentication/dist/extension.js
[2020-06-09 12:08:23.160] [exthost] [info] ExtensionService#_doActivateExtension vscode.merge-conflict {"startup":true,"extensionId":{"value":"vscode.merge-conflict","_lower":"vscode.merge-conflict"},"activationEvent":"*"}
[2020-06-09 12:08:23.160] [exthost] [info] ExtensionService#loadCommonJSModule file:///var/lib/snapd/snap/code/33/usr/share/code/resources/app/extensions/merge-conflict/dist/extension
[2020-06-09 12:08:23.161] [exthost] [info] ExtensionService#_doActivateExtension vscode.search-result {"startup":true,"extensionId":{"value":"vscode.search-result","_lower":"vscode.search-result"},"activationEvent":"*"}
[2020-06-09 12:08:23.161] [exthost] [info] ExtensionService#loadCommonJSModule file:///var/lib/snapd/snap/code/33/usr/share/code/resources/app/extensions/search-result/dist/extension.js
[2020-06-09 12:08:23.162] [exthost] [info] ExtensionService#_doActivateExtension vscode.vscode-account {"startup":true,"extensionId":{"value":"vscode.vscode-account","_lower":"vscode.vscode-account"},"activationEvent":"*"}
[2020-06-09 12:08:23.162] [exthost] [info] ExtensionService#loadCommonJSModule file:///var/lib/snapd/snap/code/33/usr/share/code/resources/app/extensions/vscode-account/dist/extension.js
[2020-06-09 12:08:23.276] [exthost] [info] eager extensions activated
[2020-06-09 12:08:42.013] [exthost] [info] ExtensionService#_doActivateExtension vscode.python {"startup":false,"extensionId":{"value":"vscode.python","_lower":"vscode.python"},"activationEvent":"onLanguage:python"}
[2020-06-09 12:08:42.013] [exthost] [info] ExtensionService#loadCommonJSModule file:///var/lib/snapd/snap/code/33/usr/share/code/resources/app/extensions/python/dist/pythonMain
[2020-06-09 12:08:42.014] [exthost] [info] ExtensionService#_doActivateExtension ms-python.python {"startup":false,"extensionId":{"value":"ms-python.python","_lower":"ms-python.python"},"activationEvent":"onLanguage:python"}
[2020-06-09 12:08:42.014] [exthost] [info] ExtensionService#loadCommonJSModule file:///home/dasilvaca/.vscode/extensions/ms-python.python-2020.5.86398/out/client/extension
[2020-06-09 13:46:10.602] [exthost] [info] ExtensionService#_doActivateExtension ms-vscode.cpptools {"startup":false,"extensionId":{"value":"ms-vscode.cpptools","_lower":"ms-vscode.cpptools"},"activationEvent":"*"}
[2020-06-09 13:46:10.603] [exthost] [info] ExtensionService#loadCommonJSModule file:///home/dasilvaca/.vscode/extensions/ms-vscode.cpptools-0.28.3/dist/main
[2020-06-09 13:46:30.022] [exthost] [info] ExtensionService#_doActivateExtension ms-vscode.node-debug2 {"startup":false,"extensionId":{"value":"ms-vscode.node-debug","_lower":"ms-vscode.node-debug"},"activationEvent":"onDebugInitialConfigurations"}
[2020-06-09 13:46:30.022] [exthost] [info] ExtensionService#loadCommonJSModule file:///var/lib/snapd/snap/code/33/usr/share/code/resources/app/extensions/ms-vscode.node-debug2/out/src/extension
[2020-06-09 13:46:30.032] [exthost] [info] ExtensionService#_doActivateExtension ms-vscode.node-debug {"startup":false,"extensionId":{"value":"ms-vscode.node-debug","_lower":"ms-vscode.node-debug"},"activationEvent":"onDebugInitialConfigurations"}
[2020-06-09 13:46:30.032] [exthost] [info] ExtensionService#loadCommonJSModule file:///var/lib/snapd/snap/code/33/usr/share/code/resources/app/extensions/ms-vscode.node-debug/dist/extension.js
[2020-06-09 13:46:33.566] [exthost] [info] ExtensionService#_doActivateExtension vscode.configuration-editing {"startup":false,"extensionId":{"value":"vscode.configuration-editing","_lower":"vscode.configuration-editing"},"activationEvent":"onLanguage:jsonc"}
[2020-06-09 13:46:33.566] [exthost] [info] ExtensionService#loadCommonJSModule file:///var/lib/snapd/snap/code/33/usr/share/code/resources/app/extensions/configuration-editing/dist/extension
[2020-06-09 13:46:33.576] [exthost] [info] ExtensionService#_doActivateExtension vscode.json-language-features {"startup":false,"extensionId":{"value":"vscode.json-language-features","_lower":"vscode.json-language-features"},"activationEvent":"onLanguage:jsonc"}
[2020-06-09 13:46:33.576] [exthost] [info] ExtensionService#loadCommonJSModule file:///var/lib/snapd/snap/code/33/usr/share/code/resources/app/extensions/json-language-features/client/dist/jsonMain
[2020-06-09 13:46:33.621] [exthost] [info] ExtensionService#_doActivateExtension vscode.typescript-language-features {"startup":false,"extensionId":{"value":"vscode.typescript-language-features","_lower":"vscode.typescript-language-features"},"activationEvent":"onLanguage:jsonc"}
[2020-06-09 13:46:33.621] [exthost] [info] ExtensionService#loadCommonJSModule file:///var/lib/snapd/snap/code/33/usr/share/code/resources/app/extensions/typescript-language-features/dist/extension
[2020-06-09 13:47:43.636] [exthost] [info] ExtensionService#_doActivateExtension vscode.debug-server-ready {"startup":false,"extensionId":{"value":"vscode.debug-server-ready","_lower":"vscode.debug-server-ready"},"activationEvent":"onDebugResolve"}
[2020-06-09 13:47:43.637] [exthost] [info] ExtensionService#loadCommonJSModule file:///var/lib/snapd/snap/code/33/usr/share/code/resources/app/extensions/debug-server-ready/dist/extension
[2020-06-09 13:47:43.650] [exthost] [info] ExtensionService#_doActivateExtension vscode.grunt {"startup":false,"extensionId":{"value":"vscode.grunt","_lower":"vscode.grunt"},"activationEvent":"onCommand:workbench.action.tasks.runTask"}
[2020-06-09 13:47:43.651] [exthost] [info] ExtensionService#loadCommonJSModule file:///var/lib/snapd/snap/code/33/usr/share/code/resources/app/extensions/grunt/dist/main
[2020-06-09 13:47:43.654] [exthost] [info] ExtensionService#_doActivateExtension vscode.gulp {"startup":false,"extensionId":{"value":"vscode.gulp","_lower":"vscode.gulp"},"activationEvent":"onCommand:workbench.action.tasks.runTask"}
[2020-06-09 13:47:43.654] [exthost] [info] ExtensionService#loadCommonJSModule file:///var/lib/snapd/snap/code/33/usr/share/code/resources/app/extensions/gulp/dist/main
[2020-06-09 13:47:43.660] [exthost] [info] ExtensionService#_doActivateExtension vscode.jake {"startup":false,"extensionId":{"value":"vscode.jake","_lower":"vscode.jake"},"activationEvent":"onCommand:workbench.action.tasks.runTask"}
[2020-06-09 13:47:43.660] [exthost] [info] ExtensionService#loadCommonJSModule file:///var/lib/snapd/snap/code/33/usr/share/code/resources/app/extensions/jake/dist/main
[2020-06-09 13:47:43.664] [exthost] [info] ExtensionService#_doActivateExtension vscode.npm {"startup":false,"extensionId":{"value":"vscode.npm","_lower":"vscode.npm"},"activationEvent":"onCommand:workbench.action.tasks.runTask"}
[2020-06-09 13:47:43.664] [exthost] [info] ExtensionService#loadCommonJSModule file:///var/lib/snapd/snap/code/33/usr/share/code/resources/app/extensions/npm/dist/main
